<?xml version="1.0" encoding="UTF-8"?>
<testng-results ignored="0" total="2" passed="2" failed="0" skipped="0">
  <reporter-output>
  </reporter-output>
  <suite started-at="2023-01-23T20:23:32 IST" name="Suite" finished-at="2023-01-23T20:23:54 IST" duration-ms="21664">
    <groups>
    </groups>
    <test started-at="2023-01-23T20:23:32 IST" name="Test" finished-at="2023-01-23T20:23:54 IST" duration-ms="21664">
      <class name="tests.LoginTests">
        <test-method is-config="true" signature="setup()[pri:0, instance:tests.LoginTests@4e096385]" started-at="2023-01-23T20:23:32 IST" name="setup" finished-at="2023-01-23T20:23:43 IST" duration-ms="10721" status="PASS">
          <reporter-output>
          </reporter-output>
        </test-method> <!-- setup -->
        <test-method signature="login()[pri:1, instance:tests.LoginTests@4e096385]" started-at="2023-01-23T20:23:43 IST" name="login" finished-at="2023-01-23T20:23:44 IST" duration-ms="532" status="PASS">
          <reporter-output>
          </reporter-output>
        </test-method> <!-- login -->
        <test-method is-config="true" signature="teardown()[pri:0, instance:tests.LoginTests@4e096385]" started-at="2023-01-23T20:23:44 IST" name="teardown" finished-at="2023-01-23T20:23:44 IST" duration-ms="186" status="PASS">
          <reporter-output>
          </reporter-output>
        </test-method> <!-- teardown -->
        <test-method is-config="true" signature="setup()[pri:0, instance:tests.LoginTests@4e096385]" started-at="2023-01-23T20:23:44 IST" name="setup" finished-at="2023-01-23T20:23:54 IST" duration-ms="9882" status="PASS">
          <reporter-output>
          </reporter-output>
        </test-method> <!-- setup -->
        <test-method signature="checklogotest()[pri:2, instance:tests.LoginTests@4e096385]" started-at="2023-01-23T20:23:54 IST" name="checklogotest" finished-at="2023-01-23T20:23:54 IST" duration-ms="126" status="PASS">
          <reporter-output>
          </reporter-output>
        </test-method> <!-- checklogotest -->
        <test-method is-config="true" signature="teardown()[pri:0, instance:tests.LoginTests@4e096385]" started-at="2023-01-23T20:23:54 IST" name="teardown" finished-at="2023-01-23T20:23:54 IST" duration-ms="176" status="PASS">
          <reporter-output>
          </reporter-output>
        </test-method> <!-- teardown -->
      </class> <!-- tests.LoginTests -->
    </test> <!-- Test -->
  </suite> <!-- Suite -->
</testng-results>
